This is pdfTeX, Version 3.141592653-2.6-1.40.26 (MiKTeX 24.4) (preloaded format=pdflatex 2025.1.26)  9 FEB 2025 07:06
entering extended mode
 restricted \write18 enabled.
 %&-line parsing enabled.
**C:/Users/admin/Downloads/ML/hw2/hw2/A6_b.tex
(C:/Users/admin/Downloads/ML/hw2/hw2/A6_b.tex
LaTeX2e <2024-11-01> patch level 1
L3 programming layer <2024-12-25>
(C:\Users\admin\AppData\Local\Programs\MiKTeX\tex/latex/base\article.cls
Document Class: article 2024/06/29 v1.4n Standard LaTeX document class
(C:\Users\admin\AppData\Local\Programs\MiKTeX\tex/latex/base\size10.clo
File: size10.clo 2024/06/29 v1.4n Standard LaTeX file (size option)
)
\c@part=\count196
\c@section=\count197
\c@subsection=\count198
\c@subsubsection=\count199
\c@paragraph=\count266
\c@subparagraph=\count267
\c@figure=\count268
\c@table=\count269
\abovecaptionskip=\skip49
\belowcaptionskip=\skip50
\bibindent=\dimen141
)
(C:\Users\admin\AppData\Local\Programs\MiKTeX\tex/latex/graphics\graphicx.sty
Package: graphicx 2021/09/16 v1.2d Enhanced LaTeX Graphics (DPC,SPQR)

(C:\Users\admin\AppData\Local\Programs\MiKTeX\tex/latex/graphics\keyval.sty
Package: keyval 2022/05/29 v1.15 key=value parser (DPC)
\KV@toks@=\toks17
)
(C:\Users\admin\AppData\Local\Programs\MiKTeX\tex/latex/graphics\graphics.sty
Package: graphics 2024/08/06 v1.4g Standard LaTeX Graphics (DPC,SPQR)

(C:\Users\admin\AppData\Local\Programs\MiKTeX\tex/latex/graphics\trig.sty
Package: trig 2023/12/02 v1.11 sin cos tan (DPC)
)
(C:\Users\admin\AppData\Local\Programs\MiKTeX\tex/latex/graphics-cfg\graphics.c
fg
File: graphics.cfg 2016/06/04 v1.11 sample graphics configuration
)
Package graphics Info: Driver file: pdftex.def on input line 106.

(C:\Users\admin\AppData\Local\Programs\MiKTeX\tex/latex/graphics-def\pdftex.def
File: pdftex.def 2024/04/13 v1.2c Graphics/color driver for pdftex
))
\Gin@req@height=\dimen142
\Gin@req@width=\dimen143
)
(C:\Users\admin\AppData\Local\Programs\MiKTeX\tex/latex/l3backend\l3backend-pdf
tex.def
File: l3backend-pdftex.def 2024-05-08 L3 backend support: PDF output (pdfTeX)
\l__color_backend_stack_int=\count270
\l__pdf_internal_box=\box52
) (A6_b.aux)
\openout1 = `A6_b.aux'.

LaTeX Font Info:    Checking defaults for OML/cmm/m/it on input line 4.
LaTeX Font Info:    ... okay on input line 4.
LaTeX Font Info:    Checking defaults for OMS/cmsy/m/n on input line 4.
LaTeX Font Info:    ... okay on input line 4.
LaTeX Font Info:    Checking defaults for OT1/cmr/m/n on input line 4.
LaTeX Font Info:    ... okay on input line 4.
LaTeX Font Info:    Checking defaults for T1/cmr/m/n on input line 4.
LaTeX Font Info:    ... okay on input line 4.
LaTeX Font Info:    Checking defaults for TS1/cmr/m/n on input line 4.
LaTeX Font Info:    ... okay on input line 4.
LaTeX Font Info:    Checking defaults for OMX/cmex/m/n on input line 4.
LaTeX Font Info:    ... okay on input line 4.
LaTeX Font Info:    Checking defaults for U/cmr/m/n on input line 4.
LaTeX Font Info:    ... okay on input line 4.

(C:\Users\admin\AppData\Local\Programs\MiKTeX\tex/context/base/mkii\supp-pdf.mk
ii
[Loading MPS to PDF converter (version 2006.09.02).]
\scratchcounter=\count271
\scratchdimen=\dimen144
\scratchbox=\box53
\nofMPsegments=\count272
\nofMParguments=\count273
\everyMPshowfont=\toks18
\MPscratchCnt=\count274
\MPscratchDim=\dimen145
\MPnumerator=\count275
\makeMPintoPDFobject=\count276
\everyMPtoPDFconversion=\toks19
)
(C:\Users\admin\AppData\Local\Programs\MiKTeX\tex/latex/epstopdf-pkg\epstopdf-b
ase.sty
Package: epstopdf-base 2020-01-24 v2.11 Base part for package epstopdf
Package epstopdf-base Info: Redefining graphics rule for `.eps' on input line 4
85.

(C:\Users\admin\AppData\Local\Programs\MiKTeX\tex/latex/00miktex\epstopdf-sys.c
fg
File: epstopdf-sys.cfg 2021/03/18 v2.0 Configuration of epstopdf for MiKTeX
))
<C:/Users/admin/Downloads/ML/hw2/hw2/loss_vs_iter_batch.png, id=1, 578.16pt x 4
33.62pt>
File: C:/Users/admin/Downloads/ML/hw2/hw2/loss_vs_iter_batch.png Graphic file (
type png)
<use C:/Users/admin/Downloads/ML/hw2/hw2/loss_vs_iter_batch.png>
Package pdftex.def Info: C:/Users/admin/Downloads/ML/hw2/hw2/loss_vs_iter_batch
.png  used on input line 10.
(pdftex.def)             Requested size: 258.75pt x 194.06194pt.
<C:/Users/admin/Downloads/ML/hw2/hw2/misclassError_vs_iterNum_batch.png, id=3, 
578.16pt x 433.62pt>
File: C:/Users/admin/Downloads/ML/hw2/hw2/misclassError_vs_iterNum_batch.png Gr
aphic file (type png)
<use C:/Users/admin/Downloads/ML/hw2/hw2/misclassError_vs_iterNum_batch.png>
Package pdftex.def Info: C:/Users/admin/Downloads/ML/hw2/hw2/misclassError_vs_i
terNum_batch.png  used on input line 15.
(pdftex.def)             Requested size: 258.75pt x 194.06194pt.


[1

{C:/Users/admin/AppData/Local/MiKTeX/fonts/map/pdftex/pdftex.map} <C:/Users/adm
in/Downloads/ML/hw2/hw2/loss_vs_iter_batch.png> <C:/Users/admin/Downloads/ML/hw
2/hw2/misclassError_vs_iterNum_batch.png>] (A6_b.aux)
 ***********
LaTeX2e <2024-11-01> patch level 1
L3 programming layer <2024-12-25>
 ***********
 ) 
Here is how much of TeX's memory you used:
 1291 strings out of 473535
 22385 string characters out of 5714935
 408722 words of memory out of 5000000
 24556 multiletter control sequences out of 15000+600000
 560047 words of font info for 40 fonts, out of 8000000 for 9000
 1141 hyphenation exceptions out of 8191
 57i,5n,65p,245b,182s stack positions out of 10000i,1000n,20000p,200000b,200000s
<C:/Users/admin/AppData/Local/Programs/MiKTeX/fonts/type1/public/amsfonts/cm/
cmbx12.pfb><C:/Users/admin/AppData/Local/Programs/MiKTeX/fonts/type1/public/ams
fonts/cm/cmr10.pfb>
Output written on A6_b.pdf (1 page, 82985 bytes).
PDF statistics:
 21 PDF objects out of 1000 (max. 8388607)
 0 named destinations out of 1000 (max. 500000)
 11 words of extra memory for PDF output out of 10000 (max. 10000000)

